Started GET "/" for ::1 at 2020-06-26 15:25:13 +0900
  [1m[35m (2.2ms)[0m  [1m[34mSELECT "schema_migrations"."version" FROM "schema_migrations" ORDER BY "schema_migrations"."version" ASC[0m
  â†³ /Users/user/.rbenv/versions/2.6.5/lib/ruby/gems/2.6.0/gems/activerecord-5.2.4.3/lib/active_record/log_subscriber.rb:98
Processing by RecordsController#index as HTML
  [1m[36mUser Load (8.0ms)[0m  [1m[34mSELECT  "users".* FROM "users" WHERE "users"."id" = $1 ORDER BY "users"."id" ASC LIMIT $2[0m  [["id", 3], ["LIMIT", 1]]
  â†³ /Users/user/.rbenv/versions/2.6.5/lib/ruby/gems/2.6.0/gems/activerecord-5.2.4.3/lib/active_record/log_subscriber.rb:98
  Rendering records/index.html.slim within layouts/application
  Rendered records/_flash_messages.html.slim (3.7ms)
  [1m[36mRecord Load (4.0ms)[0m  [1m[34mSELECT  DISTINCT "records".* FROM "records" WHERE "records"."user_id" = $1 LIMIT $2 OFFSET $3[0m  [["user_id", "3"], ["LIMIT", 8], ["OFFSET", 0]]
  â†³ app/views/records/index.html.slim:26
  [1m[36mPractice Load (2.6ms)[0m  [1m[34mSELECT "practices".* FROM "practices" WHERE "practices"."record_id" IN ($1, $2, $3, $4, $5, $6, $7, $8)[0m  [["record_id", 68], ["record_id", 72], ["record_id", 73], ["record_id", 74], ["record_id", 75], ["record_id", 76], ["record_id", 77], ["record_id", 78]]
  â†³ app/views/records/index.html.slim:26
  [1m[35m (0.7ms)[0m  [1m[34mSELECT SUM("practices"."practice_time") FROM "practices" WHERE "practices"."record_id" = $1[0m  [["record_id", 68]]
  â†³ app/views/records/index.html.slim:30
  [1m[35m (0.2ms)[0m  [1m[34mSELECT SUM("practices"."practice_time") FROM "practices" WHERE "practices"."record_id" = $1[0m  [["record_id", 72]]
  â†³ app/views/records/index.html.slim:30
  [1m[35m (0.2ms)[0m  [1m[34mSELECT SUM("practices"."practice_time") FROM "practices" WHERE "practices"."record_id" = $1[0m  [["record_id", 73]]
  â†³ app/views/records/index.html.slim:30
  [1m[35m (0.2ms)[0m  [1m[34mSELECT SUM("practices"."practice_time") FROM "practices" WHERE "practices"."record_id" = $1[0m  [["record_id", 74]]
  â†³ app/views/records/index.html.slim:30
  [1m[35m (0.2ms)[0m  [1m[34mSELECT SUM("practices"."practice_time") FROM "practices" WHERE "practices"."record_id" = $1[0m  [["record_id", 75]]
  â†³ app/views/records/index.html.slim:30
  [1m[35m (0.3ms)[0m  [1m[34mSELECT SUM("practices"."practice_time") FROM "practices" WHERE "practices"."record_id" = $1[0m  [["record_id", 76]]
  â†³ app/views/records/index.html.slim:30
  [1m[35m (0.2ms)[0m  [1m[34mSELECT SUM("practices"."practice_time") FROM "practices" WHERE "practices"."record_id" = $1[0m  [["record_id", 77]]
  â†³ app/views/records/index.html.slim:30
  [1m[35m (8.8ms)[0m  [1m[34mSELECT SUM("practices"."practice_time") FROM "practices" WHERE "practices"."record_id" = $1[0m  [["record_id", 78]]
  â†³ app/views/records/index.html.slim:30
  [1m[35m (0.4ms)[0m  [1m[34mSELECT COUNT(DISTINCT "records"."id") FROM "records" WHERE "records"."user_id" = $1[0m  [["user_id", "3"]]
  â†³ app/views/records/index.html.slim:35
  Rendered records/index.html.slim within layouts/application (121.9ms)
  Rendered records/_header.html.slim (4.4ms)
  Rendered records/_footer.html.slim (1.7ms)
Completed 200 OK in 1163ms (Views: 1065.9ms | ActiveRecord: 50.4ms)


Started GET "/records/3/aggregate_result" for ::1 at 2020-06-26 15:25:49 +0900
Processing by RecordsController#aggregate_result as HTML
  Parameters: {"id"=>"3"}
  [1m[36mUser Load (0.4ms)[0m  [1m[34mSELECT  "users".* FROM "users" WHERE "users"."id" = $1 ORDER BY "users"."id" ASC LIMIT $2[0m  [["id", 3], ["LIMIT", 1]]
  â†³ /Users/user/.rbenv/versions/2.6.5/lib/ruby/gems/2.6.0/gems/activerecord-5.2.4.3/lib/active_record/log_subscriber.rb:98
  [1m[35m (12.8ms)[0m  [1m[34mSELECT SUM(practice_time) AS sum_practice_time, "practice_item" AS practice_item FROM "records" LEFT OUTER JOIN "practices" ON "practices"."record_id" = "records"."id" WHERE "records"."user_id" = $1 GROUP BY "practice_item"[0m  [["user_id", "3"]]
  â†³ app/controllers/records_controller.rb:59
test {"ï¼“çƒç›®æ”»æ’ƒ"=>50, "å¤šçƒç·´ç¿’"=>118, "ãƒ•ãƒƒãƒˆãƒ¯ãƒ¼ã‚¯"=>340, "ã‚µãƒ¼ãƒ–ç·´ç¿’"=>190, "ã‚ªãƒ¼ãƒ«"=>194, "å°ä¸Šå‡¦ç†"=>51}
  Rendering records/aggregate_result.html.slim within layouts/application
  Rendered records/_flash_messages.html.slim (9.6ms)
  Rendered records/aggregate_result.html.slim within layouts/application (25.6ms)
  Rendered records/_header.html.slim (3.3ms)
  Rendered records/_footer.html.slim (3.0ms)
Completed 200 OK in 143ms (Views: 120.3ms | ActiveRecord: 13.2ms)


